2015-02-28 02:26:33,802:802.328109741 - ubuntu_sso.utils.translation - WARNING - Translations not found, using null translator.
2015-02-28 02:26:33,844:844.073057175 - ubuntu_sso.main - INFO - Setting up Ubuntu SSO service.
2015-02-28 02:26:33,866:866.432905197 - ubuntu_sso.main - INFO - Ubuntu SSO service started.
2015-02-28 02:26:33,866:866.563081741 - ubuntu_sso.account - INFO - Creating a new SSO access layer for service url u'https://login.ubuntu.com/api/1.0/'
2015-02-28 02:26:33,878:878.170013428 - ubuntu_sso.credentials - INFO - find_credentials: self.app_name dbus.String(u'Ubuntu Software Center'), result is {}? True
2015-02-28 02:26:33,878:878.318071365 - ubuntu_sso.main - INFO - 'CredentialsManagement': emitting 'CredentialsNotFound' with args (dbus.String(u'Ubuntu Software Center'),) and kwargs {}
2015-02-28 02:26:43,889:889.061927795 - ubuntu_sso.main - INFO - Shutting down, calling <function shutdown_func at 0xb6357534>.
2015-02-28 02:31:34,770:770.695924759 - ubuntu_sso.utils.translation - WARNING - Translations not found, using null translator.
2015-02-28 02:31:34,786:786.839962006 - ubuntu_sso.main - INFO - Setting up Ubuntu SSO service.
2015-02-28 02:31:34,793:793.800115585 - ubuntu_sso.main - INFO - Ubuntu SSO service started.
2015-02-28 02:31:34,793:793.922901154 - ubuntu_sso.account - INFO - Creating a new SSO access layer for service url u'https://login.ubuntu.com/api/1.0/'
2015-02-28 02:31:34,799:799.53289032 - ubuntu_sso.credentials - INFO - find_credentials: self.app_name dbus.String(u'Ubuntu Software Center'), result is {}? True
2015-02-28 02:31:34,799:799.664020538 - ubuntu_sso.main - INFO - 'CredentialsManagement': emitting 'CredentialsNotFound' with args (dbus.String(u'Ubuntu Software Center'),) and kwargs {}
2015-02-28 02:31:44,809:809.659957886 - ubuntu_sso.main - INFO - Shutting down, calling <function shutdown_func at 0xb62d5534>.
2015-02-28 02:36:34,747:747.844934464 - ubuntu_sso.utils.translation - WARNING - Translations not found, using null translator.
2015-02-28 02:36:34,778:778.955936432 - ubuntu_sso.main - INFO - Setting up Ubuntu SSO service.
2015-02-28 02:36:34,790:790.796995163 - ubuntu_sso.main - INFO - Ubuntu SSO service started.
2015-02-28 02:36:34,790:790.991067886 - ubuntu_sso.account - INFO - Creating a new SSO access layer for service url u'https://login.ubuntu.com/api/1.0/'
2015-02-28 02:36:34,799:799.634933472 - ubuntu_sso.credentials - INFO - find_credentials: self.app_name dbus.String(u'Ubuntu Software Center'), result is {}? True
2015-02-28 02:36:34,799:799.835920334 - ubuntu_sso.main - INFO - 'CredentialsManagement': emitting 'CredentialsNotFound' with args (dbus.String(u'Ubuntu Software Center'),) and kwargs {}
2015-02-28 02:36:44,810:810.31703949 - ubuntu_sso.main - INFO - Shutting down, calling <function shutdown_func at 0xb63a7534>.
2015-02-28 04:38:34,775:775.801897049 - ubuntu_sso.utils.translation - WARNING - Translations not found, using null translator.
2015-02-28 04:38:34,798:798.129081726 - ubuntu_sso.main - INFO - Setting up Ubuntu SSO service.
2015-02-28 04:38:34,807:807.97290802 - ubuntu_sso.main - INFO - Ubuntu SSO service started.
2015-02-28 04:38:34,808:808.178901672 - ubuntu_sso.account - INFO - Creating a new SSO access layer for service url u'https://login.ubuntu.com/api/1.0/'
2015-02-28 04:38:34,813:813.508033752 - ubuntu_sso.credentials - INFO - find_credentials: self.app_name dbus.String(u'Ubuntu Software Center'), result is {}? True
2015-02-28 04:38:34,813:813.625097275 - ubuntu_sso.main - INFO - 'CredentialsManagement': emitting 'CredentialsNotFound' with args (dbus.String(u'Ubuntu Software Center'),) and kwargs {}
2015-02-28 04:38:44,823:823.700904846 - ubuntu_sso.main - INFO - Shutting down, calling <function shutdown_func at 0xb6399534>.
